[debug] [2024-07-26T13:37:20.980Z] ----------------------------------------------------------------------
[debug] [2024-07-26T13:37:20.984Z] Command:       C:\Program Files\nodejs\node.exe C:\Users\chrca\AppData\Roaming\npm\node_modules\firebase-tools\lib\bin\firebase.js deploy --only functions
[debug] [2024-07-26T13:37:20.985Z] CLI Version:   13.14.0
[debug] [2024-07-26T13:37:20.985Z] Platform:      win32
[debug] [2024-07-26T13:37:20.985Z] Node Version:  v20.9.0
[debug] [2024-07-26T13:37:20.986Z] Time:          Fri Jul 26 2024 15:37:20 GMT+0200 (sentraleuropeisk sommertid)
[debug] [2024-07-26T13:37:20.986Z] ----------------------------------------------------------------------
[debug] 
[debug] [2024-07-26T13:37:21.155Z] > command requires scopes: ["email","openid","https://www.googleapis.com/auth/cloudplatformprojects.readonly","https://www.googleapis.com/auth/firebase","https://www.googleapis.com/auth/cloud-platform"]
[debug] [2024-07-26T13:37:21.156Z] > authorizing via signed-in user (chrcamrapp@gmail.com)
[debug] [2024-07-26T13:37:21.157Z] [iam] checking project posthjelp5068 for permissions ["cloudfunctions.functions.create","cloudfunctions.functions.delete","cloudfunctions.functions.get","cloudfunctions.functions.list","cloudfunctions.functions.update","cloudfunctions.operations.get","firebase.projects.get"]
[debug] [2024-07-26T13:37:21.162Z] > refreshing access token with scopes: []
[debug] [2024-07-26T13:37:21.166Z] >>> [apiv2][query] POST https://www.googleapis.com/oauth2/v3/token [none]
[debug] [2024-07-26T13:37:21.167Z] >>> [apiv2][body] POST https://www.googleapis.com/oauth2/v3/token [omitted]
[debug] [2024-07-26T13:37:21.638Z] <<< [apiv2][status] POST https://www.googleapis.com/oauth2/v3/token 200
[debug] [2024-07-26T13:37:21.639Z] <<< [apiv2][body] POST https://www.googleapis.com/oauth2/v3/token [omitted]
[debug] [2024-07-26T13:37:21.655Z] >>> [apiv2][query] POST https://cloudresourcemanager.googleapis.com/v1/projects/posthjelp5068:testIamPermissions [none]
[debug] [2024-07-26T13:37:21.655Z] >>> [apiv2][(partial)header] POST https://cloudresourcemanager.googleapis.com/v1/projects/posthjelp5068:testIamPermissions x-goog-quota-user=projects/posthjelp5068
[debug] [2024-07-26T13:37:21.656Z] >>> [apiv2][body] POST https://cloudresourcemanager.googleapis.com/v1/projects/posthjelp5068:testIamPermissions {"permissions":["cloudfunctions.functions.create","cloudfunctions.functions.delete","cloudfunctions.functions.get","cloudfunctions.functions.list","cloudfunctions.functions.update","cloudfunctions.operations.get","firebase.projects.get"]}
[debug] [2024-07-26T13:37:22.542Z] <<< [apiv2][status] POST https://cloudresourcemanager.googleapis.com/v1/projects/posthjelp5068:testIamPermissions 200
[debug] [2024-07-26T13:37:22.543Z] <<< [apiv2][body] POST https://cloudresourcemanager.googleapis.com/v1/projects/posthjelp5068:testIamPermissions {"permissions":["cloudfunctions.functions.create","cloudfunctions.functions.delete","cloudfunctions.functions.get","cloudfunctions.functions.list","cloudfunctions.functions.update","cloudfunctions.operations.get","firebase.projects.get"]}
[debug] [2024-07-26T13:37:22.543Z] >>> [apiv2][query] POST https://iam.googleapis.com/v1/projects/posthjelp5068/serviceAccounts/posthjelp5068@appspot.gserviceaccount.com:testIamPermissions [none]
[debug] [2024-07-26T13:37:22.544Z] >>> [apiv2][body] POST https://iam.googleapis.com/v1/projects/posthjelp5068/serviceAccounts/posthjelp5068@appspot.gserviceaccount.com:testIamPermissions {"permissions":["iam.serviceAccounts.actAs"]}
[debug] [2024-07-26T13:37:23.498Z] <<< [apiv2][status] POST https://iam.googleapis.com/v1/projects/posthjelp5068/serviceAccounts/posthjelp5068@appspot.gserviceaccount.com:testIamPermissions 200
[debug] [2024-07-26T13:37:23.498Z] <<< [apiv2][body] POST https://iam.googleapis.com/v1/projects/posthjelp5068/serviceAccounts/posthjelp5068@appspot.gserviceaccount.com:testIamPermissions {"permissions":["iam.serviceAccounts.actAs"]}
[info] 
[info] === Deploying to 'posthjelp5068'...
[info] 
[info] i  deploying functions 
[info] Running command: npm --prefix "$RESOURCE_DIR" run lint
[info] +  functions: Finished running predeploy script. 
[debug] [2024-07-26T13:37:29.030Z] >>> [apiv2][query] GET https://firebase.googleapis.com/v1beta1/projects/posthjelp5068 [none]
[debug] [2024-07-26T13:37:29.538Z] <<< [apiv2][status] GET https://firebase.googleapis.com/v1beta1/projects/posthjelp5068 200
[debug] [2024-07-26T13:37:29.539Z] <<< [apiv2][body] GET https://firebase.googleapis.com/v1beta1/projects/posthjelp5068 {"projectId":"posthjelp5068","projectNumber":"990560594554","displayName":"PostHjelp","name":"projects/posthjelp5068","resources":{"hostingSite":"posthjelp5068"},"state":"ACTIVE","etag":"1_d961de52-a9f9-4cd3-bb90-29543ed49662"}
[info] i  functions: preparing codebase default for deployment 
[info] i  functions: ensuring required API cloudfunctions.googleapis.com is enabled... 
[info] i  functions: ensuring required API cloudbuild.googleapis.com is enabled... 
[info] i  artifactregistry: ensuring required API artifactregistry.googleapis.com is enabled... 
[debug] [2024-07-26T13:37:29.548Z] >>> [apiv2][query] GET https://serviceusage.googleapis.com/v1/projects/posthjelp5068/services/cloudfunctions.googleapis.com [none]
[debug] [2024-07-26T13:37:29.549Z] >>> [apiv2][(partial)header] GET https://serviceusage.googleapis.com/v1/projects/posthjelp5068/services/cloudfunctions.googleapis.com x-goog-quota-user=projects/posthjelp5068
[debug] [2024-07-26T13:37:29.551Z] >>> [apiv2][query] GET https://serviceusage.googleapis.com/v1/projects/posthjelp5068/services/runtimeconfig.googleapis.com [none]
[debug] [2024-07-26T13:37:29.551Z] >>> [apiv2][(partial)header] GET https://serviceusage.googleapis.com/v1/projects/posthjelp5068/services/runtimeconfig.googleapis.com x-goog-quota-user=projects/posthjelp5068
[debug] [2024-07-26T13:37:29.553Z] >>> [apiv2][query] GET https://serviceusage.googleapis.com/v1/projects/posthjelp5068/services/cloudbuild.googleapis.com [none]
[debug] [2024-07-26T13:37:29.553Z] >>> [apiv2][(partial)header] GET https://serviceusage.googleapis.com/v1/projects/posthjelp5068/services/cloudbuild.googleapis.com x-goog-quota-user=projects/posthjelp5068
[debug] [2024-07-26T13:37:29.555Z] >>> [apiv2][query] GET https://serviceusage.googleapis.com/v1/projects/posthjelp5068/services/artifactregistry.googleapis.com [none]
[debug] [2024-07-26T13:37:29.555Z] >>> [apiv2][(partial)header] GET https://serviceusage.googleapis.com/v1/projects/posthjelp5068/services/artifactregistry.googleapis.com x-goog-quota-user=projects/posthjelp5068
[debug] [2024-07-26T13:37:30.591Z] <<< [apiv2][status] GET https://serviceusage.googleapis.com/v1/projects/posthjelp5068/services/runtimeconfig.googleapis.com 200
[debug] [2024-07-26T13:37:30.591Z] <<< [apiv2][body] GET https://serviceusage.googleapis.com/v1/projects/posthjelp5068/services/runtimeconfig.googleapis.com [omitted]
[debug] [2024-07-26T13:37:30.602Z] <<< [apiv2][status] GET https://serviceusage.googleapis.com/v1/projects/posthjelp5068/services/cloudbuild.googleapis.com 200
[debug] [2024-07-26T13:37:30.602Z] <<< [apiv2][body] GET https://serviceusage.googleapis.com/v1/projects/posthjelp5068/services/cloudbuild.googleapis.com [omitted]
[info] +  functions: required API cloudbuild.googleapis.com is enabled 
[debug] [2024-07-26T13:37:30.611Z] <<< [apiv2][status] GET https://serviceusage.googleapis.com/v1/projects/posthjelp5068/services/cloudfunctions.googleapis.com 200
[debug] [2024-07-26T13:37:30.612Z] <<< [apiv2][body] GET https://serviceusage.googleapis.com/v1/projects/posthjelp5068/services/cloudfunctions.googleapis.com [omitted]
[info] +  functions: required API cloudfunctions.googleapis.com is enabled 
[debug] [2024-07-26T13:37:30.662Z] <<< [apiv2][status] GET https://serviceusage.googleapis.com/v1/projects/posthjelp5068/services/artifactregistry.googleapis.com 200
[debug] [2024-07-26T13:37:30.662Z] <<< [apiv2][body] GET https://serviceusage.googleapis.com/v1/projects/posthjelp5068/services/artifactregistry.googleapis.com [omitted]
[info] +  artifactregistry: required API artifactregistry.googleapis.com is enabled 
[debug] [2024-07-26T13:37:30.664Z] >>> [apiv2][query] GET https://firebase.googleapis.com/v1beta1/projects/posthjelp5068/adminSdkConfig [none]
[debug] [2024-07-26T13:37:31.074Z] <<< [apiv2][status] GET https://firebase.googleapis.com/v1beta1/projects/posthjelp5068/adminSdkConfig 200
[debug] [2024-07-26T13:37:31.074Z] <<< [apiv2][body] GET https://firebase.googleapis.com/v1beta1/projects/posthjelp5068/adminSdkConfig {"projectId":"posthjelp5068","storageBucket":"posthjelp5068.appspot.com"}
[debug] [2024-07-26T13:37:31.075Z] >>> [apiv2][query] GET https://runtimeconfig.googleapis.com/v1beta1/projects/posthjelp5068/configs [none]
[debug] [2024-07-26T13:37:32.098Z] <<< [apiv2][status] GET https://runtimeconfig.googleapis.com/v1beta1/projects/posthjelp5068/configs 200
[debug] [2024-07-26T13:37:32.098Z] <<< [apiv2][body] GET https://runtimeconfig.googleapis.com/v1beta1/projects/posthjelp5068/configs {}
[debug] [2024-07-26T13:37:32.101Z] Validating nodejs source
[debug] [2024-07-26T13:37:35.423Z] > [functions] package.json contents: {
  "name": "functions",
  "description": "Cloud Functions for Firebase",
  "scripts": {
    "lint": "eslint .",
    "serve": "firebase emulators:start --only functions",
    "shell": "firebase functions:shell",
    "start": "npm run shell",
    "deploy": "firebase deploy --only functions",
    "logs": "firebase functions:log"
  },
  "engines": {
    "node": "18"
  },
  "main": "index.js",
  "dependencies": {
    "cors": "^2.8.5",
    "firebase-admin": "^12.2.0",
    "firebase-functions": "^5.0.1"
  },
  "devDependencies": {
    "eslint": "^8.57.0",
    "eslint-config-google": "^0.14.0",
    "firebase-functions-test": "^3.1.0"
  },
  "private": true
}
[debug] [2024-07-26T13:37:35.424Z] Building nodejs source
[info] i  functions: Loading and analyzing source code for codebase default to determine what to deploy 
[debug] [2024-07-26T13:37:35.428Z] Could not find functions.yaml. Must use http discovery
[debug] [2024-07-26T13:37:35.457Z] Found firebase-functions binary at 'C:\Users\chrca\OneDrive\Dokumenter\IT\PostHjelp\functions\node_modules\.bin\firebase-functions'
[info] Serving at port 8165

[debug] [2024-07-26T13:37:37.205Z] Got response from /__/functions.yaml {"endpoints":{"sendNotification":{"platform":"gcfv1","availableMemoryMb":null,"timeoutSeconds":null,"minInstances":null,"maxInstances":null,"ingressSettings":null,"serviceAccountEmail":null,"vpc":null,"httpsTrigger":{},"entryPoint":"sendNotification"}},"specVersion":"v1alpha1","requiredAPIs":[]}
[info] i  functions: preparing functions directory for uploading... 
[info] i  functions: packaged C:\Users\chrca\OneDrive\Dokumenter\IT\PostHjelp\functions (71.43 KB) for uploading 
[debug] [2024-07-26T13:37:42.332Z] >>> [apiv2][query] GET https://cloudfunctions.googleapis.com/v1/projects/posthjelp5068/locations/-/functions [none]
[debug] [2024-07-26T13:37:43.158Z] <<< [apiv2][status] GET https://cloudfunctions.googleapis.com/v1/projects/posthjelp5068/locations/-/functions 200
[debug] [2024-07-26T13:37:43.158Z] <<< [apiv2][body] GET https://cloudfunctions.googleapis.com/v1/projects/posthjelp5068/locations/-/functions {"functions":[{"name":"projects/posthjelp5068/locations/us-central1/functions/sendNotification","httpsTrigger":{"url":"https://us-central1-posthjelp5068.cloudfunctions.net/sendNotification","securityLevel":"SECURE_ALWAYS"},"status":"ACTIVE","entryPoint":"sendNotification","timeout":"60s","availableMemoryMb":256,"serviceAccountEmail":"posthjelp5068@appspot.gserviceaccount.com","updateTime":"2024-07-25T17:08:47.948Z","versionId":"2","labels":{"deployment-tool":"cli-firebase","firebase-functions-hash":"ebba443f24dd8b7afbf0fa31e9f2703fa8280644"},"sourceUploadUrl":"https://storage.googleapis.com/uploads-1045866410207.us-central1.cloudfunctions.appspot.com/90021456-a87b-47a1-8a5a-f2a15fd94b1d.zip","environmentVariables":{"FIREBASE_CONFIG":"{\"projectId\":\"posthjelp5068\",\"storageBucket\":\"posthjelp5068.appspot.com\"}","GCLOUD_PROJECT":"posthjelp5068","EVENTARC_CLOUD_EVENT_SOURCE":"projects/posthjelp5068/locations/us-central1/functions/sendNotification"},"runtime":"nodejs18","ingressSettings":"ALLOW_ALL","buildId":"04d21fd6-daf0-48c1-8a8c-b386e3ebf0eb","buildEnvironmentVariables":{"GOOGLE_NODE_RUN_SCRIPTS":""},"buildName":"projects/990560594554/locations/us-central1/builds/04d21fd6-daf0-48c1-8a8c-b386e3ebf0eb","dockerRegistry":"ARTIFACT_REGISTRY","automaticUpdatePolicy":{}}]}
[debug] [2024-07-26T13:37:43.160Z] >>> [apiv2][query] GET https://cloudfunctions.googleapis.com/v2/projects/posthjelp5068/locations/-/functions filter=environment%3D%22GEN_2%22
[debug] [2024-07-26T13:37:44.309Z] <<< [apiv2][status] GET https://cloudfunctions.googleapis.com/v2/projects/posthjelp5068/locations/-/functions 200
[debug] [2024-07-26T13:37:44.309Z] <<< [apiv2][body] GET https://cloudfunctions.googleapis.com/v2/projects/posthjelp5068/locations/-/functions {}
[debug] [2024-07-26T13:37:44.319Z] >>> [apiv2][query] GET https://firebase.googleapis.com/v1beta1/projects/posthjelp5068 [none]
[debug] [2024-07-26T13:37:44.797Z] <<< [apiv2][status] GET https://firebase.googleapis.com/v1beta1/projects/posthjelp5068 200
[debug] [2024-07-26T13:37:44.797Z] <<< [apiv2][body] GET https://firebase.googleapis.com/v1beta1/projects/posthjelp5068 {"projectId":"posthjelp5068","projectNumber":"990560594554","displayName":"PostHjelp","name":"projects/posthjelp5068","resources":{"hostingSite":"posthjelp5068"},"state":"ACTIVE","etag":"1_d961de52-a9f9-4cd3-bb90-29543ed49662"}
[debug] [2024-07-26T13:37:44.800Z] >>> [apiv2][query] POST https://cloudfunctions.googleapis.com/v1/projects/posthjelp5068/locations/us-central1/functions:generateUploadUrl [none]
[debug] [2024-07-26T13:37:44.800Z] >>> [apiv2][body] POST https://cloudfunctions.googleapis.com/v1/projects/posthjelp5068/locations/us-central1/functions:generateUploadUrl {}
[debug] [2024-07-26T13:37:45.513Z] <<< [apiv2][status] POST https://cloudfunctions.googleapis.com/v1/projects/posthjelp5068/locations/us-central1/functions:generateUploadUrl 200
[debug] [2024-07-26T13:37:45.514Z] <<< [apiv2][body] POST https://cloudfunctions.googleapis.com/v1/projects/posthjelp5068/locations/us-central1/functions:generateUploadUrl {"uploadUrl":"https://storage.googleapis.com/uploads-1045866410207.us-central1.cloudfunctions.appspot.com/9a082e98-9d68-48e9-912b-6a888c8b1dd8.zip?GoogleAccessId=service-990560594554@gcf-admin-robot.iam.gserviceaccount.com&Expires=1722002866&Signature=BVXYiAoNKfg8ekr%2B69hbcnYPUhEZ3JjsledO6zKfTMdj9y7FEC6Nf8l1aJkAwky58R5MXPJiEGHXEl88GVzwLfrzfx0jtTmfRUaaQTX4qJPxrm1H1len4QL%2FKxOmoFDhxaRjL0sTREJ94LS1dGm5kLkcFBi8NxxVDeDqSQ%2FS2LvL7waLLXYR5C4hV4qCx3IfF%2BhKo9iMYge9IsULxe603tha2BX3OziJNRdhuV6ni95vFCH3mIqOBVTo6eqAbtdOlwBZml7FtqeEgaAYS4Y6sdC5fDwEn4jsIfThsighxqiz9m%2F9xj6Fpj4%2FEkD5yVJri17eo92%2BAOYd3SvI3jQBHg%3D%3D"}
[debug] [2024-07-26T13:37:45.518Z] >>> [apiv2][query] PUT https://storage.googleapis.com/uploads-1045866410207.us-central1.cloudfunctions.appspot.com/9a082e98-9d68-48e9-912b-6a888c8b1dd8.zip GoogleAccessId=service-990560594554%40gcf-admin-robot.iam.gserviceaccount.com&Expires=1722002866&Signature=BVXYiAoNKfg8ekr%2B69hbcnYPUhEZ3JjsledO6zKfTMdj9y7FEC6Nf8l1aJkAwky58R5MXPJiEGHXEl88GVzwLfrzfx0jtTmfRUaaQTX4qJPxrm1H1len4QL%2FKxOmoFDhxaRjL0sTREJ94LS1dGm5kLkcFBi8NxxVDeDqSQ%2FS2LvL7waLLXYR5C4hV4qCx3IfF%2BhKo9iMYge9IsULxe603tha2BX3OziJNRdhuV6ni95vFCH3mIqOBVTo6eqAbtdOlwBZml7FtqeEgaAYS4Y6sdC5fDwEn4jsIfThsighxqiz9m%2F9xj6Fpj4%2FEkD5yVJri17eo92%2BAOYd3SvI3jQBHg%3D%3D
[debug] [2024-07-26T13:37:45.518Z] >>> [apiv2][body] PUT https://storage.googleapis.com/uploads-1045866410207.us-central1.cloudfunctions.appspot.com/9a082e98-9d68-48e9-912b-6a888c8b1dd8.zip [stream]
[debug] [2024-07-26T13:37:46.866Z] <<< [apiv2][status] PUT https://storage.googleapis.com/uploads-1045866410207.us-central1.cloudfunctions.appspot.com/9a082e98-9d68-48e9-912b-6a888c8b1dd8.zip 200
[debug] [2024-07-26T13:37:46.867Z] <<< [apiv2][body] PUT https://storage.googleapis.com/uploads-1045866410207.us-central1.cloudfunctions.appspot.com/9a082e98-9d68-48e9-912b-6a888c8b1dd8.zip [omitted]
[info] +  functions: functions folder uploaded successfully 
[info] i  functions: updating Node.js 18 (1st Gen) function sendNotification(us-central1)... 
[debug] [2024-07-26T13:37:46.884Z] >>> [apiv2][query] PATCH https://cloudfunctions.googleapis.com/v1/projects/posthjelp5068/locations/us-central1/functions/sendNotification updateMask=name%2CsourceUploadUrl%2CentryPoint%2Cruntime%2CdockerRegistry%2Clabels%2ChttpsTrigger.securityLevel%2CminInstances%2CmaxInstances%2CingressSettings%2CenvironmentVariables%2CserviceAccountEmail%2CavailableMemoryMb%2Ctimeout%2CvpcConnector%2CvpcConnectorEgressSettings%2CsourceToken%2CbuildEnvironmentVariables
[debug] [2024-07-26T13:37:46.884Z] >>> [apiv2][body] PATCH https://cloudfunctions.googleapis.com/v1/projects/posthjelp5068/locations/us-central1/functions/sendNotification {"name":"projects/posthjelp5068/locations/us-central1/functions/sendNotification","sourceUploadUrl":"https://storage.googleapis.com/uploads-1045866410207.us-central1.cloudfunctions.appspot.com/9a082e98-9d68-48e9-912b-6a888c8b1dd8.zip?GoogleAccessId=service-990560594554@gcf-admin-robot.iam.gserviceaccount.com&Expires=1722002866&Signature=BVXYiAoNKfg8ekr%2B69hbcnYPUhEZ3JjsledO6zKfTMdj9y7FEC6Nf8l1aJkAwky58R5MXPJiEGHXEl88GVzwLfrzfx0jtTmfRUaaQTX4qJPxrm1H1len4QL%2FKxOmoFDhxaRjL0sTREJ94LS1dGm5kLkcFBi8NxxVDeDqSQ%2FS2LvL7waLLXYR5C4hV4qCx3IfF%2BhKo9iMYge9IsULxe603tha2BX3OziJNRdhuV6ni95vFCH3mIqOBVTo6eqAbtdOlwBZml7FtqeEgaAYS4Y6sdC5fDwEn4jsIfThsighxqiz9m%2F9xj6Fpj4%2FEkD5yVJri17eo92%2BAOYd3SvI3jQBHg%3D%3D","entryPoint":"sendNotification","runtime":"nodejs18","dockerRegistry":"ARTIFACT_REGISTRY","labels":{"deployment-tool":"cli-firebase","firebase-functions-hash":"c88980e8caa6579403aaacb0980ecf51fccaae4a"},"httpsTrigger":{"securityLevel":"SECURE_ALWAYS"},"minInstances":null,"maxInstances":null,"ingressSettings":null,"environmentVariables":{"FIREBASE_CONFIG":"{\"projectId\":\"posthjelp5068\",\"storageBucket\":\"posthjelp5068.appspot.com\"}","GCLOUD_PROJECT":"posthjelp5068","EVENTARC_CLOUD_EVENT_SOURCE":"projects/posthjelp5068/locations/us-central1/functions/sendNotification"},"serviceAccountEmail":null,"availableMemoryMb":null,"timeout":null,"vpcConnector":null,"vpcConnectorEgressSettings":null,"buildEnvironmentVariables":{"GOOGLE_NODE_RUN_SCRIPTS":""}}
[debug] [2024-07-26T13:37:47.664Z] <<< [apiv2][status] PATCH https://cloudfunctions.googleapis.com/v1/projects/posthjelp5068/locations/us-central1/functions/sendNotification 200
[debug] [2024-07-26T13:37:47.665Z] <<< [apiv2][body] PATCH https://cloudfunctions.googleapis.com/v1/projects/posthjelp5068/locations/us-central1/functions/sendNotification {"name":"operations/cG9zdGhqZWxwNTA2OC91cy1jZW50cmFsMS9zZW5kTm90aWZpY2F0aW9uL2c5VWxZbGdMVUlz","metadata":{"@type":"type.googleapis.com/google.cloud.functions.v1.OperationMetadataV1","target":"projects/posthjelp5068/locations/us-central1/functions/sendNotification","type":"UPDATE_FUNCTION","request":{"@type":"type.googleapis.com/google.cloud.functions.v1.CloudFunction","name":"projects/posthjelp5068/locations/us-central1/functions/sendNotification","httpsTrigger":{"url":"https://us-central1-posthjelp5068.cloudfunctions.net/sendNotification","securityLevel":"SECURE_ALWAYS"},"status":"ACTIVE","entryPoint":"sendNotification","updateTime":"2024-07-25T17:08:47.948Z","versionId":"2","labels":{"deployment-tool":"cli-firebase","firebase-functions-hash":"c88980e8caa6579403aaacb0980ecf51fccaae4a"},"sourceUploadUrl":"https://storage.googleapis.com/uploads-1045866410207.us-central1.cloudfunctions.appspot.com/9a082e98-9d68-48e9-912b-6a888c8b1dd8.zip?GoogleAccessId=service-990560594554@gcf-admin-robot.iam.gserviceaccount.com&Expires=1722002866&Signature=BVXYiAoNKfg8ekr%2B69hbcnYPUhEZ3JjsledO6zKfTMdj9y7FEC6Nf8l1aJkAwky58R5MXPJiEGHXEl88GVzwLfrzfx0jtTmfRUaaQTX4qJPxrm1H1len4QL%2FKxOmoFDhxaRjL0sTREJ94LS1dGm5kLkcFBi8NxxVDeDqSQ%2FS2LvL7waLLXYR5C4hV4qCx3IfF%2BhKo9iMYge9IsULxe603tha2BX3OziJNRdhuV6ni95vFCH3mIqOBVTo6eqAbtdOlwBZml7FtqeEgaAYS4Y6sdC5fDwEn4jsIfThsighxqiz9m%2F9xj6Fpj4%2FEkD5yVJri17eo92%2BAOYd3SvI3jQBHg%3D%3D","environmentVariables":{"FIREBASE_CONFIG":"{\"projectId\":\"posthjelp5068\",\"storageBucket\":\"posthjelp5068.appspot.com\"}","GCLOUD_PROJECT":"posthjelp5068","EVENTARC_CLOUD_EVENT_SOURCE":"projects/posthjelp5068/locations/us-central1/functions/sendNotification"},"runtime":"nodejs18","buildId":"04d21fd6-daf0-48c1-8a8c-b386e3ebf0eb","buildEnvironmentVariables":{"GOOGLE_NODE_RUN_SCRIPTS":""},"buildName":"projects/990560594554/locations/us-central1/builds/04d21fd6-daf0-48c1-8a8c-b386e3ebf0eb","dockerRegistry":"ARTIFACT_REGISTRY","automaticUpdatePolicy":{}},"versionId":"3","updateTime":"2024-07-26T13:37:48Z"}}
[debug] [2024-07-26T13:37:47.667Z] >>> [apiv2][query] GET https://cloudfunctions.googleapis.com/v1/operations/cG9zdGhqZWxwNTA2OC91cy1jZW50cmFsMS9zZW5kTm90aWZpY2F0aW9uL2c5VWxZbGdMVUlz [none]
[debug] [2024-07-26T13:37:47.929Z] <<< [apiv2][status] GET https://cloudfunctions.googleapis.com/v1/operations/cG9zdGhqZWxwNTA2OC91cy1jZW50cmFsMS9zZW5kTm90aWZpY2F0aW9uL2c5VWxZbGdMVUlz 200
[debug] [2024-07-26T13:37:47.929Z] <<< [apiv2][body] GET https://cloudfunctions.googleapis.com/v1/operations/cG9zdGhqZWxwNTA2OC91cy1jZW50cmFsMS9zZW5kTm90aWZpY2F0aW9uL2c5VWxZbGdMVUlz {"name":"operations/cG9zdGhqZWxwNTA2OC91cy1jZW50cmFsMS9zZW5kTm90aWZpY2F0aW9uL2c5VWxZbGdMVUlz","metadata":{"@type":"type.googleapis.com/google.cloud.functions.v1.OperationMetadataV1","target":"projects/posthjelp5068/locations/us-central1/functions/sendNotification","type":"UPDATE_FUNCTION","request":{"@type":"type.googleapis.com/google.cloud.functions.v1.CloudFunction","name":"projects/posthjelp5068/locations/us-central1/functions/sendNotification","httpsTrigger":{"url":"https://us-central1-posthjelp5068.cloudfunctions.net/sendNotification","securityLevel":"SECURE_ALWAYS"},"status":"ACTIVE","entryPoint":"sendNotification","updateTime":"2024-07-25T17:08:47.948Z","versionId":"2","labels":{"deployment-tool":"cli-firebase","firebase-functions-hash":"c88980e8caa6579403aaacb0980ecf51fccaae4a"},"sourceUploadUrl":"https://storage.googleapis.com/uploads-1045866410207.us-central1.cloudfunctions.appspot.com/9a082e98-9d68-48e9-912b-6a888c8b1dd8.zip?GoogleAccessId=service-990560594554@gcf-admin-robot.iam.gserviceaccount.com&Expires=1722002866&Signature=BVXYiAoNKfg8ekr%2B69hbcnYPUhEZ3JjsledO6zKfTMdj9y7FEC6Nf8l1aJkAwky58R5MXPJiEGHXEl88GVzwLfrzfx0jtTmfRUaaQTX4qJPxrm1H1len4QL%2FKxOmoFDhxaRjL0sTREJ94LS1dGm5kLkcFBi8NxxVDeDqSQ%2FS2LvL7waLLXYR5C4hV4qCx3IfF%2BhKo9iMYge9IsULxe603tha2BX3OziJNRdhuV6ni95vFCH3mIqOBVTo6eqAbtdOlwBZml7FtqeEgaAYS4Y6sdC5fDwEn4jsIfThsighxqiz9m%2F9xj6Fpj4%2FEkD5yVJri17eo92%2BAOYd3SvI3jQBHg%3D%3D","environmentVariables":{"FIREBASE_CONFIG":"{\"projectId\":\"posthjelp5068\",\"storageBucket\":\"posthjelp5068.appspot.com\"}","GCLOUD_PROJECT":"posthjelp5068","EVENTARC_CLOUD_EVENT_SOURCE":"projects/posthjelp5068/locations/us-central1/functions/sendNotification"},"runtime":"nodejs18","buildId":"04d21fd6-daf0-48c1-8a8c-b386e3ebf0eb","buildEnvironmentVariables":{"GOOGLE_NODE_RUN_SCRIPTS":""},"buildName":"projects/990560594554/locations/us-central1/builds/04d21fd6-daf0-48c1-8a8c-b386e3ebf0eb","dockerRegistry":"ARTIFACT_REGISTRY","automaticUpdatePolicy":{}},"versionId":"3","updateTime":"2024-07-26T13:37:48Z"}}
[debug] [2024-07-26T13:37:48.437Z] [update-default-us-central1-sendNotification] Retrying task index 0
[debug] [2024-07-26T13:37:48.437Z] >>> [apiv2][query] GET https://cloudfunctions.googleapis.com/v1/operations/cG9zdGhqZWxwNTA2OC91cy1jZW50cmFsMS9zZW5kTm90aWZpY2F0aW9uL2c5VWxZbGdMVUlz [none]
[debug] [2024-07-26T13:37:48.741Z] <<< [apiv2][status] GET https://cloudfunctions.googleapis.com/v1/operations/cG9zdGhqZWxwNTA2OC91cy1jZW50cmFsMS9zZW5kTm90aWZpY2F0aW9uL2c5VWxZbGdMVUlz 200
[debug] [2024-07-26T13:37:48.742Z] <<< [apiv2][body] GET https://cloudfunctions.googleapis.com/v1/operations/cG9zdGhqZWxwNTA2OC91cy1jZW50cmFsMS9zZW5kTm90aWZpY2F0aW9uL2c5VWxZbGdMVUlz {"name":"operations/cG9zdGhqZWxwNTA2OC91cy1jZW50cmFsMS9zZW5kTm90aWZpY2F0aW9uL2c5VWxZbGdMVUlz","metadata":{"@type":"type.googleapis.com/google.cloud.functions.v1.OperationMetadataV1","target":"projects/posthjelp5068/locations/us-central1/functions/sendNotification","type":"UPDATE_FUNCTION","request":{"@type":"type.googleapis.com/google.cloud.functions.v1.CloudFunction","name":"projects/posthjelp5068/locations/us-central1/functions/sendNotification","httpsTrigger":{"url":"https://us-central1-posthjelp5068.cloudfunctions.net/sendNotification","securityLevel":"SECURE_ALWAYS"},"status":"ACTIVE","entryPoint":"sendNotification","updateTime":"2024-07-25T17:08:47.948Z","versionId":"2","labels":{"deployment-tool":"cli-firebase","firebase-functions-hash":"c88980e8caa6579403aaacb0980ecf51fccaae4a"},"sourceUploadUrl":"https://storage.googleapis.com/uploads-1045866410207.us-central1.cloudfunctions.appspot.com/9a082e98-9d68-48e9-912b-6a888c8b1dd8.zip?GoogleAccessId=service-990560594554@gcf-admin-robot.iam.gserviceaccount.com&Expires=1722002866&Signature=BVXYiAoNKfg8ekr%2B69hbcnYPUhEZ3JjsledO6zKfTMdj9y7FEC6Nf8l1aJkAwky58R5MXPJiEGHXEl88GVzwLfrzfx0jtTmfRUaaQTX4qJPxrm1H1len4QL%2FKxOmoFDhxaRjL0sTREJ94LS1dGm5kLkcFBi8NxxVDeDqSQ%2FS2LvL7waLLXYR5C4hV4qCx3IfF%2BhKo9iMYge9IsULxe603tha2BX3OziJNRdhuV6ni95vFCH3mIqOBVTo6eqAbtdOlwBZml7FtqeEgaAYS4Y6sdC5fDwEn4jsIfThsighxqiz9m%2F9xj6Fpj4%2FEkD5yVJri17eo92%2BAOYd3SvI3jQBHg%3D%3D","environmentVariables":{"FIREBASE_CONFIG":"{\"projectId\":\"posthjelp5068\",\"storageBucket\":\"posthjelp5068.appspot.com\"}","GCLOUD_PROJECT":"posthjelp5068","EVENTARC_CLOUD_EVENT_SOURCE":"projects/posthjelp5068/locations/us-central1/functions/sendNotification"},"runtime":"nodejs18","buildId":"04d21fd6-daf0-48c1-8a8c-b386e3ebf0eb","buildEnvironmentVariables":{"GOOGLE_NODE_RUN_SCRIPTS":""},"buildName":"projects/990560594554/locations/us-central1/builds/04d21fd6-daf0-48c1-8a8c-b386e3ebf0eb","dockerRegistry":"ARTIFACT_REGISTRY","automaticUpdatePolicy":{}},"versionId":"3","updateTime":"2024-07-26T13:37:48Z","buildId":"1ded3f9e-dc48-48bd-94bc-f494b29b574e","buildName":"projects/990560594554/locations/us-central1/builds/1ded3f9e-dc48-48bd-94bc-f494b29b574e"}}
[debug] [2024-07-26T13:37:49.743Z] [update-default-us-central1-sendNotification] Retrying task index 0
[debug] [2024-07-26T13:37:49.743Z] >>> [apiv2][query] GET https://cloudfunctions.googleapis.com/v1/operations/cG9zdGhqZWxwNTA2OC91cy1jZW50cmFsMS9zZW5kTm90aWZpY2F0aW9uL2c5VWxZbGdMVUlz [none]
[debug] [2024-07-26T13:37:50.159Z] <<< [apiv2][status] GET https://cloudfunctions.googleapis.com/v1/operations/cG9zdGhqZWxwNTA2OC91cy1jZW50cmFsMS9zZW5kTm90aWZpY2F0aW9uL2c5VWxZbGdMVUlz 200
[debug] [2024-07-26T13:37:50.159Z] <<< [apiv2][body] GET https://cloudfunctions.googleapis.com/v1/operations/cG9zdGhqZWxwNTA2OC91cy1jZW50cmFsMS9zZW5kTm90aWZpY2F0aW9uL2c5VWxZbGdMVUlz {"name":"operations/cG9zdGhqZWxwNTA2OC91cy1jZW50cmFsMS9zZW5kTm90aWZpY2F0aW9uL2c5VWxZbGdMVUlz","metadata":{"@type":"type.googleapis.com/google.cloud.functions.v1.OperationMetadataV1","target":"projects/posthjelp5068/locations/us-central1/functions/sendNotification","type":"UPDATE_FUNCTION","request":{"@type":"type.googleapis.com/google.cloud.functions.v1.CloudFunction","name":"projects/posthjelp5068/locations/us-central1/functions/sendNotification","httpsTrigger":{"url":"https://us-central1-posthjelp5068.cloudfunctions.net/sendNotification","securityLevel":"SECURE_ALWAYS"},"status":"ACTIVE","entryPoint":"sendNotification","updateTime":"2024-07-25T17:08:47.948Z","versionId":"2","labels":{"deployment-tool":"cli-firebase","firebase-functions-hash":"c88980e8caa6579403aaacb0980ecf51fccaae4a"},"sourceUploadUrl":"https://storage.googleapis.com/uploads-1045866410207.us-central1.cloudfunctions.appspot.com/9a082e98-9d68-48e9-912b-6a888c8b1dd8.zip?GoogleAccessId=service-990560594554@gcf-admin-robot.iam.gserviceaccount.com&Expires=1722002866&Signature=BVXYiAoNKfg8ekr%2B69hbcnYPUhEZ3JjsledO6zKfTMdj9y7FEC6Nf8l1aJkAwky58R5MXPJiEGHXEl88GVzwLfrzfx0jtTmfRUaaQTX4qJPxrm1H1len4QL%2FKxOmoFDhxaRjL0sTREJ94LS1dGm5kLkcFBi8NxxVDeDqSQ%2FS2LvL7waLLXYR5C4hV4qCx3IfF%2BhKo9iMYge9IsULxe603tha2BX3OziJNRdhuV6ni95vFCH3mIqOBVTo6eqAbtdOlwBZml7FtqeEgaAYS4Y6sdC5fDwEn4jsIfThsighxqiz9m%2F9xj6Fpj4%2FEkD5yVJri17eo92%2BAOYd3SvI3jQBHg%3D%3D","environmentVariables":{"FIREBASE_CONFIG":"{\"projectId\":\"posthjelp5068\",\"storageBucket\":\"posthjelp5068.appspot.com\"}","GCLOUD_PROJECT":"posthjelp5068","EVENTARC_CLOUD_EVENT_SOURCE":"projects/posthjelp5068/locations/us-central1/functions/sendNotification"},"runtime":"nodejs18","buildId":"04d21fd6-daf0-48c1-8a8c-b386e3ebf0eb","buildEnvironmentVariables":{"GOOGLE_NODE_RUN_SCRIPTS":""},"buildName":"projects/990560594554/locations/us-central1/builds/04d21fd6-daf0-48c1-8a8c-b386e3ebf0eb","dockerRegistry":"ARTIFACT_REGISTRY","automaticUpdatePolicy":{}},"versionId":"3","updateTime":"2024-07-26T13:37:48Z","buildId":"1ded3f9e-dc48-48bd-94bc-f494b29b574e","buildName":"projects/990560594554/locations/us-central1/builds/1ded3f9e-dc48-48bd-94bc-f494b29b574e"}}
[debug] [2024-07-26T13:37:52.161Z] [update-default-us-central1-sendNotification] Retrying task index 0
[debug] [2024-07-26T13:37:52.161Z] >>> [apiv2][query] GET https://cloudfunctions.googleapis.com/v1/operations/cG9zdGhqZWxwNTA2OC91cy1jZW50cmFsMS9zZW5kTm90aWZpY2F0aW9uL2c5VWxZbGdMVUlz [none]
[debug] [2024-07-26T13:37:52.681Z] <<< [apiv2][status] GET https://cloudfunctions.googleapis.com/v1/operations/cG9zdGhqZWxwNTA2OC91cy1jZW50cmFsMS9zZW5kTm90aWZpY2F0aW9uL2c5VWxZbGdMVUlz 200
[debug] [2024-07-26T13:37:52.681Z] <<< [apiv2][body] GET https://cloudfunctions.googleapis.com/v1/operations/cG9zdGhqZWxwNTA2OC91cy1jZW50cmFsMS9zZW5kTm90aWZpY2F0aW9uL2c5VWxZbGdMVUlz {"name":"operations/cG9zdGhqZWxwNTA2OC91cy1jZW50cmFsMS9zZW5kTm90aWZpY2F0aW9uL2c5VWxZbGdMVUlz","metadata":{"@type":"type.googleapis.com/google.cloud.functions.v1.OperationMetadataV1","target":"projects/posthjelp5068/locations/us-central1/functions/sendNotification","type":"UPDATE_FUNCTION","request":{"@type":"type.googleapis.com/google.cloud.functions.v1.CloudFunction","name":"projects/posthjelp5068/locations/us-central1/functions/sendNotification","httpsTrigger":{"url":"https://us-central1-posthjelp5068.cloudfunctions.net/sendNotification","securityLevel":"SECURE_ALWAYS"},"status":"ACTIVE","entryPoint":"sendNotification","updateTime":"2024-07-25T17:08:47.948Z","versionId":"2","labels":{"deployment-tool":"cli-firebase","firebase-functions-hash":"c88980e8caa6579403aaacb0980ecf51fccaae4a"},"sourceUploadUrl":"https://storage.googleapis.com/uploads-1045866410207.us-central1.cloudfunctions.appspot.com/9a082e98-9d68-48e9-912b-6a888c8b1dd8.zip?GoogleAccessId=service-990560594554@gcf-admin-robot.iam.gserviceaccount.com&Expires=1722002866&Signature=BVXYiAoNKfg8ekr%2B69hbcnYPUhEZ3JjsledO6zKfTMdj9y7FEC6Nf8l1aJkAwky58R5MXPJiEGHXEl88GVzwLfrzfx0jtTmfRUaaQTX4qJPxrm1H1len4QL%2FKxOmoFDhxaRjL0sTREJ94LS1dGm5kLkcFBi8NxxVDeDqSQ%2FS2LvL7waLLXYR5C4hV4qCx3IfF%2BhKo9iMYge9IsULxe603tha2BX3OziJNRdhuV6ni95vFCH3mIqOBVTo6eqAbtdOlwBZml7FtqeEgaAYS4Y6sdC5fDwEn4jsIfThsighxqiz9m%2F9xj6Fpj4%2FEkD5yVJri17eo92%2BAOYd3SvI3jQBHg%3D%3D","environmentVariables":{"FIREBASE_CONFIG":"{\"projectId\":\"posthjelp5068\",\"storageBucket\":\"posthjelp5068.appspot.com\"}","GCLOUD_PROJECT":"posthjelp5068","EVENTARC_CLOUD_EVENT_SOURCE":"projects/posthjelp5068/locations/us-central1/functions/sendNotification"},"runtime":"nodejs18","buildId":"04d21fd6-daf0-48c1-8a8c-b386e3ebf0eb","buildEnvironmentVariables":{"GOOGLE_NODE_RUN_SCRIPTS":""},"buildName":"projects/990560594554/locations/us-central1/builds/04d21fd6-daf0-48c1-8a8c-b386e3ebf0eb","dockerRegistry":"ARTIFACT_REGISTRY","automaticUpdatePolicy":{}},"versionId":"3","updateTime":"2024-07-26T13:37:48Z","buildId":"1ded3f9e-dc48-48bd-94bc-f494b29b574e","buildName":"projects/990560594554/locations/us-central1/builds/1ded3f9e-dc48-48bd-94bc-f494b29b574e"}}
[debug] [2024-07-26T13:37:56.682Z] [update-default-us-central1-sendNotification] Retrying task index 0
[debug] [2024-07-26T13:37:56.682Z] >>> [apiv2][query] GET https://cloudfunctions.googleapis.com/v1/operations/cG9zdGhqZWxwNTA2OC91cy1jZW50cmFsMS9zZW5kTm90aWZpY2F0aW9uL2c5VWxZbGdMVUlz [none]
[debug] [2024-07-26T13:37:56.981Z] <<< [apiv2][status] GET https://cloudfunctions.googleapis.com/v1/operations/cG9zdGhqZWxwNTA2OC91cy1jZW50cmFsMS9zZW5kTm90aWZpY2F0aW9uL2c5VWxZbGdMVUlz 200
[debug] [2024-07-26T13:37:56.981Z] <<< [apiv2][body] GET https://cloudfunctions.googleapis.com/v1/operations/cG9zdGhqZWxwNTA2OC91cy1jZW50cmFsMS9zZW5kTm90aWZpY2F0aW9uL2c5VWxZbGdMVUlz {"name":"operations/cG9zdGhqZWxwNTA2OC91cy1jZW50cmFsMS9zZW5kTm90aWZpY2F0aW9uL2c5VWxZbGdMVUlz","metadata":{"@type":"type.googleapis.com/google.cloud.functions.v1.OperationMetadataV1","target":"projects/posthjelp5068/locations/us-central1/functions/sendNotification","type":"UPDATE_FUNCTION","request":{"@type":"type.googleapis.com/google.cloud.functions.v1.CloudFunction","name":"projects/posthjelp5068/locations/us-central1/functions/sendNotification","httpsTrigger":{"url":"https://us-central1-posthjelp5068.cloudfunctions.net/sendNotification","securityLevel":"SECURE_ALWAYS"},"status":"ACTIVE","entryPoint":"sendNotification","updateTime":"2024-07-25T17:08:47.948Z","versionId":"2","labels":{"deployment-tool":"cli-firebase","firebase-functions-hash":"c88980e8caa6579403aaacb0980ecf51fccaae4a"},"sourceUploadUrl":"https://storage.googleapis.com/uploads-1045866410207.us-central1.cloudfunctions.appspot.com/9a082e98-9d68-48e9-912b-6a888c8b1dd8.zip?GoogleAccessId=service-990560594554@gcf-admin-robot.iam.gserviceaccount.com&Expires=1722002866&Signature=BVXYiAoNKfg8ekr%2B69hbcnYPUhEZ3JjsledO6zKfTMdj9y7FEC6Nf8l1aJkAwky58R5MXPJiEGHXEl88GVzwLfrzfx0jtTmfRUaaQTX4qJPxrm1H1len4QL%2FKxOmoFDhxaRjL0sTREJ94LS1dGm5kLkcFBi8NxxVDeDqSQ%2FS2LvL7waLLXYR5C4hV4qCx3IfF%2BhKo9iMYge9IsULxe603tha2BX3OziJNRdhuV6ni95vFCH3mIqOBVTo6eqAbtdOlwBZml7FtqeEgaAYS4Y6sdC5fDwEn4jsIfThsighxqiz9m%2F9xj6Fpj4%2FEkD5yVJri17eo92%2BAOYd3SvI3jQBHg%3D%3D","environmentVariables":{"FIREBASE_CONFIG":"{\"projectId\":\"posthjelp5068\",\"storageBucket\":\"posthjelp5068.appspot.com\"}","GCLOUD_PROJECT":"posthjelp5068","EVENTARC_CLOUD_EVENT_SOURCE":"projects/posthjelp5068/locations/us-central1/functions/sendNotification"},"runtime":"nodejs18","buildId":"04d21fd6-daf0-48c1-8a8c-b386e3ebf0eb","buildEnvironmentVariables":{"GOOGLE_NODE_RUN_SCRIPTS":""},"buildName":"projects/990560594554/locations/us-central1/builds/04d21fd6-daf0-48c1-8a8c-b386e3ebf0eb","dockerRegistry":"ARTIFACT_REGISTRY","automaticUpdatePolicy":{}},"versionId":"3","updateTime":"2024-07-26T13:37:48Z","buildId":"1ded3f9e-dc48-48bd-94bc-f494b29b574e","buildName":"projects/990560594554/locations/us-central1/builds/1ded3f9e-dc48-48bd-94bc-f494b29b574e"}}
