[debug] [2024-07-23T14:21:56.397Z] ----------------------------------------------------------------------
[debug] [2024-07-23T14:21:56.401Z] Command:       C:\Program Files\nodejs\node.exe C:\Users\chrca\AppData\Roaming\npm\node_modules\firebase-tools\lib\bin\firebase.js init functions
[debug] [2024-07-23T14:21:56.401Z] CLI Version:   13.13.3
[debug] [2024-07-23T14:21:56.402Z] Platform:      win32
[debug] [2024-07-23T14:21:56.402Z] Node Version:  v20.9.0
[debug] [2024-07-23T14:21:56.402Z] Time:          Tue Jul 23 2024 16:21:56 GMT+0200 (sentraleuropeisk sommertid)
[debug] [2024-07-23T14:21:56.402Z] ----------------------------------------------------------------------
[debug] 
[debug] [2024-07-23T14:21:56.410Z] > command requires scopes: ["email","openid","https://www.googleapis.com/auth/cloudplatformprojects.readonly","https://www.googleapis.com/auth/firebase","https://www.googleapis.com/auth/cloud-platform"]
[debug] [2024-07-23T14:21:56.411Z] > authorizing via signed-in user (chrcamrapp@gmail.com)
[info] 
     ######## #### ########  ######## ########     ###     ######  ########
     ##        ##  ##     ## ##       ##     ##  ##   ##  ##       ##
     ######    ##  ########  ######   ########  #########  ######  ######
     ##        ##  ##    ##  ##       ##     ## ##     ##       ## ##
     ##       #### ##     ## ######## ########  ##     ##  ######  ########

You're about to initialize a Firebase project in this directory:

  C:\Users\chrca\OneDrive\Dokumenter\IT\PostHjelp

[info] 
=== Project Setup
[info] 
[info] First, let's associate this project directory with a Firebase project.
[info] You can create multiple project aliases by running firebase use --add, 
[info] but for now we'll just set up a default project.
[info] 
[debug] [2024-07-23T14:22:19.351Z] > refreshing access token with scopes: []
[debug] [2024-07-23T14:22:19.354Z] >>> [apiv2][query] POST https://www.googleapis.com/oauth2/v3/token [none]
[debug] [2024-07-23T14:22:19.355Z] >>> [apiv2][body] POST https://www.googleapis.com/oauth2/v3/token [omitted]
[debug] [2024-07-23T14:22:19.755Z] <<< [apiv2][status] POST https://www.googleapis.com/oauth2/v3/token 200
[debug] [2024-07-23T14:22:19.755Z] <<< [apiv2][body] POST https://www.googleapis.com/oauth2/v3/token [omitted]
[debug] [2024-07-23T14:22:19.771Z] >>> [apiv2][query] GET https://firebase.googleapis.com/v1beta1/projects pageSize=100
[debug] [2024-07-23T14:22:20.403Z] <<< [apiv2][status] GET https://firebase.googleapis.com/v1beta1/projects 200
[debug] [2024-07-23T14:22:20.403Z] <<< [apiv2][body] GET https://firebase.googleapis.com/v1beta1/projects [omitted]
[info] i  Using project posthjelp5068 (PostHjelp) 
[info] 
=== Functions Setup
[debug] [2024-07-23T14:22:28.617Z] > command requires scopes: ["email","openid","https://www.googleapis.com/auth/cloudplatformprojects.readonly","https://www.googleapis.com/auth/firebase","https://www.googleapis.com/auth/cloud-platform"]
[debug] [2024-07-23T14:22:28.618Z] > authorizing via signed-in user (chrcamrapp@gmail.com)
[debug] [2024-07-23T14:22:28.618Z] [iam] checking project posthjelp5068 for permissions ["firebase.projects.get"]
[debug] [2024-07-23T14:22:28.618Z] >>> [apiv2][query] POST https://cloudresourcemanager.googleapis.com/v1/projects/posthjelp5068:testIamPermissions [none]
[debug] [2024-07-23T14:22:28.618Z] >>> [apiv2][(partial)header] POST https://cloudresourcemanager.googleapis.com/v1/projects/posthjelp5068:testIamPermissions x-goog-quota-user=projects/posthjelp5068
[debug] [2024-07-23T14:22:28.618Z] >>> [apiv2][body] POST https://cloudresourcemanager.googleapis.com/v1/projects/posthjelp5068:testIamPermissions {"permissions":["firebase.projects.get"]}
[debug] [2024-07-23T14:22:29.543Z] <<< [apiv2][status] POST https://cloudresourcemanager.googleapis.com/v1/projects/posthjelp5068:testIamPermissions 200
[debug] [2024-07-23T14:22:29.543Z] <<< [apiv2][body] POST https://cloudresourcemanager.googleapis.com/v1/projects/posthjelp5068:testIamPermissions {"permissions":["firebase.projects.get"]}
[debug] [2024-07-23T14:22:29.544Z] >>> [apiv2][query] GET https://serviceusage.googleapis.com/v1/projects/posthjelp5068/services/cloudfunctions.googleapis.com [none]
[debug] [2024-07-23T14:22:29.544Z] >>> [apiv2][(partial)header] GET https://serviceusage.googleapis.com/v1/projects/posthjelp5068/services/cloudfunctions.googleapis.com x-goog-quota-user=projects/posthjelp5068
[debug] [2024-07-23T14:22:29.546Z] >>> [apiv2][query] GET https://serviceusage.googleapis.com/v1/projects/posthjelp5068/services/runtimeconfig.googleapis.com [none]
[debug] [2024-07-23T14:22:29.546Z] >>> [apiv2][(partial)header] GET https://serviceusage.googleapis.com/v1/projects/posthjelp5068/services/runtimeconfig.googleapis.com x-goog-quota-user=projects/posthjelp5068
[debug] [2024-07-23T14:22:30.595Z] <<< [apiv2][status] GET https://serviceusage.googleapis.com/v1/projects/posthjelp5068/services/runtimeconfig.googleapis.com 200
[debug] [2024-07-23T14:22:30.595Z] <<< [apiv2][body] GET https://serviceusage.googleapis.com/v1/projects/posthjelp5068/services/runtimeconfig.googleapis.com [omitted]
[debug] [2024-07-23T14:22:30.658Z] <<< [apiv2][status] GET https://serviceusage.googleapis.com/v1/projects/posthjelp5068/services/cloudfunctions.googleapis.com 200
[debug] [2024-07-23T14:22:30.658Z] <<< [apiv2][body] GET https://serviceusage.googleapis.com/v1/projects/posthjelp5068/services/cloudfunctions.googleapis.com [omitted]
[info] Let's create a new codebase for your functions.
[info] A directory corresponding to the codebase will be created in your project
[info] with sample code pre-configured.

[info] See https://firebase.google.com/docs/functions/organize-functions for
[info] more information on organizing your functions using codebases.

[info] Functions can be deployed with firebase deploy.

